2024-09-26 14:25:35 startup archives unpack
2024-09-26 14:25:35 install libestr0:amd64 <none> 0.1.11-1build1
2024-09-26 14:25:35 status triggers-pending libc-bin:amd64 2.39-0ubuntu8.3
2024-09-26 14:25:35 status half-installed libestr0:amd64 0.1.11-1build1
2024-09-26 14:25:35 status unpacked libestr0:amd64 0.1.11-1build1
2024-09-26 14:25:35 install libfastjson4:amd64 <none> 1.2304.0-1build1
2024-09-26 14:25:35 status half-installed libfastjson4:amd64 1.2304.0-1build1
2024-09-26 14:25:35 status unpacked libfastjson4:amd64 1.2304.0-1build1
2024-09-26 14:25:35 install libpopt0:amd64 <none> 1.19+dfsg-1build1
2024-09-26 14:25:35 status half-installed libpopt0:amd64 1.19+dfsg-1build1
2024-09-26 14:25:35 status unpacked libpopt0:amd64 1.19+dfsg-1build1
2024-09-26 14:25:35 install logrotate:amd64 <none> 3.21.0-2build1
2024-09-26 14:25:35 status half-installed logrotate:amd64 3.21.0-2build1
2024-09-26 14:25:35 status unpacked logrotate:amd64 3.21.0-2build1
2024-09-26 14:25:35 install rsyslog:amd64 <none> 8.2312.0-3ubuntu9
2024-09-26 14:25:35 status half-installed rsyslog:amd64 8.2312.0-3ubuntu9
2024-09-26 14:25:35 status unpacked rsyslog:amd64 8.2312.0-3ubuntu9
2024-09-26 14:25:36 startup packages configure
2024-09-26 14:25:36 configure libestr0:amd64 0.1.11-1build1 <none>
2024-09-26 14:25:36 status unpacked libestr0:amd64 0.1.11-1build1
2024-09-26 14:25:36 status half-configured libestr0:amd64 0.1.11-1build1
2024-09-26 14:25:36 status installed libestr0:amd64 0.1.11-1build1
2024-09-26 14:25:36 configure libfastjson4:amd64 1.2304.0-1build1 <none>
2024-09-26 14:25:36 status unpacked libfastjson4:amd64 1.2304.0-1build1
2024-09-26 14:25:36 status half-configured libfastjson4:amd64 1.2304.0-1build1
2024-09-26 14:25:36 status installed libfastjson4:amd64 1.2304.0-1build1
2024-09-26 14:25:36 configure rsyslog:amd64 8.2312.0-3ubuntu9 <none>
2024-09-26 14:25:36 status unpacked rsyslog:amd64 8.2312.0-3ubuntu9
2024-09-26 14:25:36 status half-configured rsyslog:amd64 8.2312.0-3ubuntu9
2024-09-26 14:25:37 status installed rsyslog:amd64 8.2312.0-3ubuntu9
2024-09-26 14:25:37 configure libpopt0:amd64 1.19+dfsg-1build1 <none>
2024-09-26 14:25:37 status unpacked libpopt0:amd64 1.19+dfsg-1build1
2024-09-26 14:25:37 status half-configured libpopt0:amd64 1.19+dfsg-1build1
2024-09-26 14:25:37 status installed libpopt0:amd64 1.19+dfsg-1build1
2024-09-26 14:25:37 configure logrotate:amd64 3.21.0-2build1 <none>
2024-09-26 14:25:37 status unpacked logrotate:amd64 3.21.0-2build1
2024-09-26 14:25:37 status half-configured logrotate:amd64 3.21.0-2build1
2024-09-26 14:25:37 status installed logrotate:amd64 3.21.0-2build1
2024-09-26 14:25:37 trigproc libc-bin:amd64 2.39-0ubuntu8.3 <none>
2024-09-26 14:25:37 status half-configured libc-bin:amd64 2.39-0ubuntu8.3
2024-09-26 14:25:37 status installed libc-bin:amd64 2.39-0ubuntu8.3
2024-09-26 15:16:56 startup archives unpack
2024-09-26 15:16:56 install libestr0:amd64 <none> 0.1.11-1build1
2024-09-26 15:16:56 status triggers-pending libc-bin:amd64 2.39-0ubuntu8.3
2024-09-26 15:16:56 status half-installed libestr0:amd64 0.1.11-1build1
2024-09-26 15:16:56 status unpacked libestr0:amd64 0.1.11-1build1
2024-09-26 15:16:57 install libfastjson4:amd64 <none> 1.2304.0-1build1
2024-09-26 15:16:57 status half-installed libfastjson4:amd64 1.2304.0-1build1
2024-09-26 15:16:57 status unpacked libfastjson4:amd64 1.2304.0-1build1
2024-09-26 15:16:57 install libpopt0:amd64 <none> 1.19+dfsg-1build1
2024-09-26 15:16:57 status half-installed libpopt0:amd64 1.19+dfsg-1build1
2024-09-26 15:16:57 status unpacked libpopt0:amd64 1.19+dfsg-1build1
2024-09-26 15:16:57 install logrotate:amd64 <none> 3.21.0-2build1
2024-09-26 15:16:57 status half-installed logrotate:amd64 3.21.0-2build1
2024-09-26 15:16:57 status unpacked logrotate:amd64 3.21.0-2build1
2024-09-26 15:16:57 install rsyslog:amd64 <none> 8.2312.0-3ubuntu9
2024-09-26 15:16:57 status half-installed rsyslog:amd64 8.2312.0-3ubuntu9
2024-09-26 15:16:57 status unpacked rsyslog:amd64 8.2312.0-3ubuntu9
2024-09-26 15:16:57 startup packages configure
2024-09-26 15:16:57 configure libestr0:amd64 0.1.11-1build1 <none>
2024-09-26 15:16:57 status unpacked libestr0:amd64 0.1.11-1build1
2024-09-26 15:16:57 status half-configured libestr0:amd64 0.1.11-1build1
2024-09-26 15:16:57 status installed libestr0:amd64 0.1.11-1build1
2024-09-26 15:16:57 configure libfastjson4:amd64 1.2304.0-1build1 <none>
2024-09-26 15:16:57 status unpacked libfastjson4:amd64 1.2304.0-1build1
2024-09-26 15:16:57 status half-configured libfastjson4:amd64 1.2304.0-1build1
2024-09-26 15:16:57 status installed libfastjson4:amd64 1.2304.0-1build1
2024-09-26 15:16:57 configure rsyslog:amd64 8.2312.0-3ubuntu9 <none>
2024-09-26 15:16:57 status unpacked rsyslog:amd64 8.2312.0-3ubuntu9
2024-09-26 15:16:57 status half-configured rsyslog:amd64 8.2312.0-3ubuntu9
2024-09-26 15:16:58 status installed rsyslog:amd64 8.2312.0-3ubuntu9
2024-09-26 15:16:58 configure libpopt0:amd64 1.19+dfsg-1build1 <none>
2024-09-26 15:16:58 status unpacked libpopt0:amd64 1.19+dfsg-1build1
2024-09-26 15:16:58 status half-configured libpopt0:amd64 1.19+dfsg-1build1
2024-09-26 15:16:58 status installed libpopt0:amd64 1.19+dfsg-1build1
2024-09-26 15:16:58 configure logrotate:amd64 3.21.0-2build1 <none>
2024-09-26 15:16:58 status unpacked logrotate:amd64 3.21.0-2build1
2024-09-26 15:16:58 status half-configured logrotate:amd64 3.21.0-2build1
2024-09-26 15:16:58 status installed logrotate:amd64 3.21.0-2build1
2024-09-26 15:16:58 trigproc libc-bin:amd64 2.39-0ubuntu8.3 <none>
2024-09-26 15:16:58 status half-configured libc-bin:amd64 2.39-0ubuntu8.3
2024-09-26 15:16:58 status installed libc-bin:amd64 2.39-0ubuntu8.3
2024-09-26 16:12:38 startup archives unpack
2024-09-26 16:12:38 install libestr0:amd64 <none> 0.1.11-1build1
2024-09-26 16:12:38 status triggers-pending libc-bin:amd64 2.39-0ubuntu8.3
2024-09-26 16:12:38 status half-installed libestr0:amd64 0.1.11-1build1
2024-09-26 16:12:38 status unpacked libestr0:amd64 0.1.11-1build1
2024-09-26 16:12:38 install libfastjson4:amd64 <none> 1.2304.0-1build1
2024-09-26 16:12:38 status half-installed libfastjson4:amd64 1.2304.0-1build1
2024-09-26 16:12:38 status unpacked libfastjson4:amd64 1.2304.0-1build1
2024-09-26 16:12:38 install libpopt0:amd64 <none> 1.19+dfsg-1build1
2024-09-26 16:12:38 status half-installed libpopt0:amd64 1.19+dfsg-1build1
2024-09-26 16:12:38 status unpacked libpopt0:amd64 1.19+dfsg-1build1
2024-09-26 16:12:38 install logrotate:amd64 <none> 3.21.0-2build1
2024-09-26 16:12:38 status half-installed logrotate:amd64 3.21.0-2build1
2024-09-26 16:12:38 status unpacked logrotate:amd64 3.21.0-2build1
2024-09-26 16:12:38 install rsyslog:amd64 <none> 8.2312.0-3ubuntu9
2024-09-26 16:12:38 status half-installed rsyslog:amd64 8.2312.0-3ubuntu9
2024-09-26 16:12:38 status unpacked rsyslog:amd64 8.2312.0-3ubuntu9
2024-09-26 16:12:39 startup packages configure
2024-09-26 16:12:39 configure libestr0:amd64 0.1.11-1build1 <none>
2024-09-26 16:12:39 status unpacked libestr0:amd64 0.1.11-1build1
2024-09-26 16:12:39 status half-configured libestr0:amd64 0.1.11-1build1
2024-09-26 16:12:39 status installed libestr0:amd64 0.1.11-1build1
2024-09-26 16:12:39 configure libfastjson4:amd64 1.2304.0-1build1 <none>
2024-09-26 16:12:39 status unpacked libfastjson4:amd64 1.2304.0-1build1
2024-09-26 16:12:39 status half-configured libfastjson4:amd64 1.2304.0-1build1
2024-09-26 16:12:39 status installed libfastjson4:amd64 1.2304.0-1build1
2024-09-26 16:12:39 configure rsyslog:amd64 8.2312.0-3ubuntu9 <none>
2024-09-26 16:12:39 status unpacked rsyslog:amd64 8.2312.0-3ubuntu9
2024-09-26 16:12:39 status half-configured rsyslog:amd64 8.2312.0-3ubuntu9
2024-09-26 16:12:39 status installed rsyslog:amd64 8.2312.0-3ubuntu9
2024-09-26 16:12:39 configure libpopt0:amd64 1.19+dfsg-1build1 <none>
2024-09-26 16:12:39 status unpacked libpopt0:amd64 1.19+dfsg-1build1
2024-09-26 16:12:39 status half-configured libpopt0:amd64 1.19+dfsg-1build1
2024-09-26 16:12:40 status installed libpopt0:amd64 1.19+dfsg-1build1
2024-09-26 16:12:40 configure logrotate:amd64 3.21.0-2build1 <none>
2024-09-26 16:12:40 status unpacked logrotate:amd64 3.21.0-2build1
2024-09-26 16:12:40 status half-configured logrotate:amd64 3.21.0-2build1
2024-09-26 16:12:40 status installed logrotate:amd64 3.21.0-2build1
2024-09-26 16:12:40 trigproc libc-bin:amd64 2.39-0ubuntu8.3 <none>
2024-09-26 16:12:40 status half-configured libc-bin:amd64 2.39-0ubuntu8.3
2024-09-26 16:12:40 status installed libc-bin:amd64 2.39-0ubuntu8.3
2024-09-27 02:12:36 startup archives unpack
2024-09-27 02:12:36 install libestr0:amd64 <none> 0.1.11-1build1
2024-09-27 02:12:36 status triggers-pending libc-bin:amd64 2.39-0ubuntu8.3
2024-09-27 02:12:36 status half-installed libestr0:amd64 0.1.11-1build1
2024-09-27 02:12:36 status unpacked libestr0:amd64 0.1.11-1build1
2024-09-27 02:12:36 install libfastjson4:amd64 <none> 1.2304.0-1build1
2024-09-27 02:12:36 status half-installed libfastjson4:amd64 1.2304.0-1build1
2024-09-27 02:12:36 status unpacked libfastjson4:amd64 1.2304.0-1build1
2024-09-27 02:12:36 install libpopt0:amd64 <none> 1.19+dfsg-1build1
2024-09-27 02:12:36 status half-installed libpopt0:amd64 1.19+dfsg-1build1
2024-09-27 02:12:36 status unpacked libpopt0:amd64 1.19+dfsg-1build1
2024-09-27 02:12:36 install logrotate:amd64 <none> 3.21.0-2build1
2024-09-27 02:12:36 status half-installed logrotate:amd64 3.21.0-2build1
2024-09-27 02:12:36 status unpacked logrotate:amd64 3.21.0-2build1
2024-09-27 02:12:36 install rsyslog:amd64 <none> 8.2312.0-3ubuntu9
2024-09-27 02:12:36 status half-installed rsyslog:amd64 8.2312.0-3ubuntu9
2024-09-27 02:12:36 status unpacked rsyslog:amd64 8.2312.0-3ubuntu9
2024-09-27 02:12:36 startup packages configure
2024-09-27 02:12:36 configure libestr0:amd64 0.1.11-1build1 <none>
2024-09-27 02:12:36 status unpacked libestr0:amd64 0.1.11-1build1
2024-09-27 02:12:36 status half-configured libestr0:amd64 0.1.11-1build1
2024-09-27 02:12:36 status installed libestr0:amd64 0.1.11-1build1
2024-09-27 02:12:36 configure libfastjson4:amd64 1.2304.0-1build1 <none>
2024-09-27 02:12:36 status unpacked libfastjson4:amd64 1.2304.0-1build1
2024-09-27 02:12:36 status half-configured libfastjson4:amd64 1.2304.0-1build1
2024-09-27 02:12:37 status installed libfastjson4:amd64 1.2304.0-1build1
2024-09-27 02:12:37 configure rsyslog:amd64 8.2312.0-3ubuntu9 <none>
2024-09-27 02:12:37 status unpacked rsyslog:amd64 8.2312.0-3ubuntu9
2024-09-27 02:12:37 status half-configured rsyslog:amd64 8.2312.0-3ubuntu9
2024-09-27 02:12:37 status installed rsyslog:amd64 8.2312.0-3ubuntu9
2024-09-27 02:12:37 configure libpopt0:amd64 1.19+dfsg-1build1 <none>
2024-09-27 02:12:37 status unpacked libpopt0:amd64 1.19+dfsg-1build1
2024-09-27 02:12:37 status half-configured libpopt0:amd64 1.19+dfsg-1build1
2024-09-27 02:12:37 status installed libpopt0:amd64 1.19+dfsg-1build1
2024-09-27 02:12:37 configure logrotate:amd64 3.21.0-2build1 <none>
2024-09-27 02:12:37 status unpacked logrotate:amd64 3.21.0-2build1
2024-09-27 02:12:38 status half-configured logrotate:amd64 3.21.0-2build1
2024-09-27 02:12:38 status installed logrotate:amd64 3.21.0-2build1
2024-09-27 02:12:38 trigproc libc-bin:amd64 2.39-0ubuntu8.3 <none>
2024-09-27 02:12:38 status half-configured libc-bin:amd64 2.39-0ubuntu8.3
2024-09-27 02:12:38 status installed libc-bin:amd64 2.39-0ubuntu8.3
2024-09-27 04:53:27 startup archives unpack
2024-09-27 04:53:27 install libestr0:amd64 <none> 0.1.11-1build1
2024-09-27 04:53:27 status triggers-pending libc-bin:amd64 2.39-0ubuntu8.3
2024-09-27 04:53:27 status half-installed libestr0:amd64 0.1.11-1build1
2024-09-27 04:53:27 status unpacked libestr0:amd64 0.1.11-1build1
2024-09-27 04:53:27 install libfastjson4:amd64 <none> 1.2304.0-1build1
2024-09-27 04:53:27 status half-installed libfastjson4:amd64 1.2304.0-1build1
2024-09-27 04:53:27 status unpacked libfastjson4:amd64 1.2304.0-1build1
2024-09-27 04:53:27 install libpopt0:amd64 <none> 1.19+dfsg-1build1
2024-09-27 04:53:27 status half-installed libpopt0:amd64 1.19+dfsg-1build1
2024-09-27 04:53:27 status unpacked libpopt0:amd64 1.19+dfsg-1build1
2024-09-27 04:53:28 install logrotate:amd64 <none> 3.21.0-2build1
2024-09-27 04:53:28 status half-installed logrotate:amd64 3.21.0-2build1
2024-09-27 04:53:28 status unpacked logrotate:amd64 3.21.0-2build1
2024-09-27 04:53:28 install rsyslog:amd64 <none> 8.2312.0-3ubuntu9
2024-09-27 04:53:28 status half-installed rsyslog:amd64 8.2312.0-3ubuntu9
2024-09-27 04:53:28 status unpacked rsyslog:amd64 8.2312.0-3ubuntu9
2024-09-27 04:53:28 startup packages configure
2024-09-27 04:53:28 configure libestr0:amd64 0.1.11-1build1 <none>
2024-09-27 04:53:28 status unpacked libestr0:amd64 0.1.11-1build1
2024-09-27 04:53:28 status half-configured libestr0:amd64 0.1.11-1build1
2024-09-27 04:53:28 status installed libestr0:amd64 0.1.11-1build1
2024-09-27 04:53:28 configure libfastjson4:amd64 1.2304.0-1build1 <none>
2024-09-27 04:53:28 status unpacked libfastjson4:amd64 1.2304.0-1build1
2024-09-27 04:53:28 status half-configured libfastjson4:amd64 1.2304.0-1build1
2024-09-27 04:53:28 status installed libfastjson4:amd64 1.2304.0-1build1
2024-09-27 04:53:28 configure rsyslog:amd64 8.2312.0-3ubuntu9 <none>
2024-09-27 04:53:28 status unpacked rsyslog:amd64 8.2312.0-3ubuntu9
2024-09-27 04:53:28 status half-configured rsyslog:amd64 8.2312.0-3ubuntu9
2024-09-27 04:53:29 status installed rsyslog:amd64 8.2312.0-3ubuntu9
2024-09-27 04:53:29 configure libpopt0:amd64 1.19+dfsg-1build1 <none>
2024-09-27 04:53:29 status unpacked libpopt0:amd64 1.19+dfsg-1build1
2024-09-27 04:53:29 status half-configured libpopt0:amd64 1.19+dfsg-1build1
2024-09-27 04:53:29 status installed libpopt0:amd64 1.19+dfsg-1build1
2024-09-27 04:53:29 configure logrotate:amd64 3.21.0-2build1 <none>
2024-09-27 04:53:29 status unpacked logrotate:amd64 3.21.0-2build1
2024-09-27 04:53:29 status half-configured logrotate:amd64 3.21.0-2build1
2024-09-27 04:53:29 status installed logrotate:amd64 3.21.0-2build1
2024-09-27 04:53:29 trigproc libc-bin:amd64 2.39-0ubuntu8.3 <none>
2024-09-27 04:53:29 status half-configured libc-bin:amd64 2.39-0ubuntu8.3
2024-09-27 04:53:29 status installed libc-bin:amd64 2.39-0ubuntu8.3
2024-09-27 06:59:49 startup archives unpack
2024-09-27 06:59:49 install libestr0:amd64 <none> 0.1.11-1build1
2024-09-27 06:59:49 status triggers-pending libc-bin:amd64 2.39-0ubuntu8.3
2024-09-27 06:59:49 status half-installed libestr0:amd64 0.1.11-1build1
2024-09-27 06:59:49 status unpacked libestr0:amd64 0.1.11-1build1
2024-09-27 06:59:49 install libfastjson4:amd64 <none> 1.2304.0-1build1
2024-09-27 06:59:49 status half-installed libfastjson4:amd64 1.2304.0-1build1
2024-09-27 06:59:49 status unpacked libfastjson4:amd64 1.2304.0-1build1
2024-09-27 06:59:49 install libpopt0:amd64 <none> 1.19+dfsg-1build1
2024-09-27 06:59:49 status half-installed libpopt0:amd64 1.19+dfsg-1build1
2024-09-27 06:59:49 status unpacked libpopt0:amd64 1.19+dfsg-1build1
2024-09-27 06:59:49 install logrotate:amd64 <none> 3.21.0-2build1
2024-09-27 06:59:49 status half-installed logrotate:amd64 3.21.0-2build1
2024-09-27 06:59:49 status unpacked logrotate:amd64 3.21.0-2build1
2024-09-27 06:59:50 install rsyslog:amd64 <none> 8.2312.0-3ubuntu9
2024-09-27 06:59:50 status half-installed rsyslog:amd64 8.2312.0-3ubuntu9
2024-09-27 06:59:50 status unpacked rsyslog:amd64 8.2312.0-3ubuntu9
2024-09-27 06:59:50 startup packages configure
2024-09-27 06:59:50 configure libestr0:amd64 0.1.11-1build1 <none>
2024-09-27 06:59:50 status unpacked libestr0:amd64 0.1.11-1build1
2024-09-27 06:59:50 status half-configured libestr0:amd64 0.1.11-1build1
2024-09-27 06:59:50 status installed libestr0:amd64 0.1.11-1build1
2024-09-27 06:59:50 configure libfastjson4:amd64 1.2304.0-1build1 <none>
2024-09-27 06:59:50 status unpacked libfastjson4:amd64 1.2304.0-1build1
2024-09-27 06:59:50 status half-configured libfastjson4:amd64 1.2304.0-1build1
2024-09-27 06:59:50 status installed libfastjson4:amd64 1.2304.0-1build1
2024-09-27 06:59:50 configure rsyslog:amd64 8.2312.0-3ubuntu9 <none>
2024-09-27 06:59:50 status unpacked rsyslog:amd64 8.2312.0-3ubuntu9
2024-09-27 06:59:50 status half-configured rsyslog:amd64 8.2312.0-3ubuntu9
2024-09-27 06:59:51 status installed rsyslog:amd64 8.2312.0-3ubuntu9
2024-09-27 06:59:51 configure libpopt0:amd64 1.19+dfsg-1build1 <none>
2024-09-27 06:59:51 status unpacked libpopt0:amd64 1.19+dfsg-1build1
2024-09-27 06:59:51 status half-configured libpopt0:amd64 1.19+dfsg-1build1
2024-09-27 06:59:51 status installed libpopt0:amd64 1.19+dfsg-1build1
2024-09-27 06:59:51 configure logrotate:amd64 3.21.0-2build1 <none>
2024-09-27 06:59:51 status unpacked logrotate:amd64 3.21.0-2build1
2024-09-27 06:59:51 status half-configured logrotate:amd64 3.21.0-2build1
2024-09-27 06:59:51 status installed logrotate:amd64 3.21.0-2build1
2024-09-27 06:59:51 trigproc libc-bin:amd64 2.39-0ubuntu8.3 <none>
2024-09-27 06:59:51 status half-configured libc-bin:amd64 2.39-0ubuntu8.3
2024-09-27 06:59:51 status installed libc-bin:amd64 2.39-0ubuntu8.3
2024-09-27 07:59:35 startup archives unpack
2024-09-27 07:59:35 install libestr0:amd64 <none> 0.1.11-1build1
2024-09-27 07:59:35 status triggers-pending libc-bin:amd64 2.39-0ubuntu8.3
2024-09-27 07:59:35 status half-installed libestr0:amd64 0.1.11-1build1
2024-09-27 07:59:35 status unpacked libestr0:amd64 0.1.11-1build1
2024-09-27 07:59:35 install libfastjson4:amd64 <none> 1.2304.0-1build1
2024-09-27 07:59:35 status half-installed libfastjson4:amd64 1.2304.0-1build1
2024-09-27 07:59:35 status unpacked libfastjson4:amd64 1.2304.0-1build1
2024-09-27 07:59:36 install libpopt0:amd64 <none> 1.19+dfsg-1build1
2024-09-27 07:59:36 status half-installed libpopt0:amd64 1.19+dfsg-1build1
2024-09-27 07:59:36 status unpacked libpopt0:amd64 1.19+dfsg-1build1
2024-09-27 07:59:36 install logrotate:amd64 <none> 3.21.0-2build1
2024-09-27 07:59:36 status half-installed logrotate:amd64 3.21.0-2build1
2024-09-27 07:59:36 status unpacked logrotate:amd64 3.21.0-2build1
2024-09-27 07:59:36 install rsyslog:amd64 <none> 8.2312.0-3ubuntu9
2024-09-27 07:59:36 status half-installed rsyslog:amd64 8.2312.0-3ubuntu9
2024-09-27 07:59:36 status unpacked rsyslog:amd64 8.2312.0-3ubuntu9
2024-09-27 07:59:36 startup packages configure
2024-09-27 07:59:36 configure libestr0:amd64 0.1.11-1build1 <none>
2024-09-27 07:59:36 status unpacked libestr0:amd64 0.1.11-1build1
2024-09-27 07:59:36 status half-configured libestr0:amd64 0.1.11-1build1
2024-09-27 07:59:36 status installed libestr0:amd64 0.1.11-1build1
2024-09-27 07:59:36 configure libfastjson4:amd64 1.2304.0-1build1 <none>
2024-09-27 07:59:36 status unpacked libfastjson4:amd64 1.2304.0-1build1
2024-09-27 07:59:36 status half-configured libfastjson4:amd64 1.2304.0-1build1
2024-09-27 07:59:36 status installed libfastjson4:amd64 1.2304.0-1build1
2024-09-27 07:59:36 configure rsyslog:amd64 8.2312.0-3ubuntu9 <none>
2024-09-27 07:59:36 status unpacked rsyslog:amd64 8.2312.0-3ubuntu9
2024-09-27 07:59:36 status half-configured rsyslog:amd64 8.2312.0-3ubuntu9
2024-09-27 07:59:37 status installed rsyslog:amd64 8.2312.0-3ubuntu9
2024-09-27 07:59:37 configure libpopt0:amd64 1.19+dfsg-1build1 <none>
2024-09-27 07:59:37 status unpacked libpopt0:amd64 1.19+dfsg-1build1
2024-09-27 07:59:38 status half-configured libpopt0:amd64 1.19+dfsg-1build1
2024-09-27 07:59:38 status installed libpopt0:amd64 1.19+dfsg-1build1
2024-09-27 07:59:38 configure logrotate:amd64 3.21.0-2build1 <none>
2024-09-27 07:59:38 status unpacked logrotate:amd64 3.21.0-2build1
2024-09-27 07:59:38 status half-configured logrotate:amd64 3.21.0-2build1
2024-09-27 07:59:38 status installed logrotate:amd64 3.21.0-2build1
2024-09-27 07:59:38 trigproc libc-bin:amd64 2.39-0ubuntu8.3 <none>
2024-09-27 07:59:38 status half-configured libc-bin:amd64 2.39-0ubuntu8.3
2024-09-27 07:59:38 status installed libc-bin:amd64 2.39-0ubuntu8.3
2024-09-30 08:22:37 startup archives unpack
2024-09-30 08:22:37 install libestr0:amd64 <none> 0.1.11-1build1
2024-09-30 08:22:37 status triggers-pending libc-bin:amd64 2.39-0ubuntu8.3
2024-09-30 08:22:37 status half-installed libestr0:amd64 0.1.11-1build1
2024-09-30 08:22:37 status unpacked libestr0:amd64 0.1.11-1build1
2024-09-30 08:22:37 install libfastjson4:amd64 <none> 1.2304.0-1build1
2024-09-30 08:22:37 status half-installed libfastjson4:amd64 1.2304.0-1build1
2024-09-30 08:22:37 status unpacked libfastjson4:amd64 1.2304.0-1build1
2024-09-30 08:22:37 install libpopt0:amd64 <none> 1.19+dfsg-1build1
2024-09-30 08:22:37 status half-installed libpopt0:amd64 1.19+dfsg-1build1
2024-09-30 08:22:37 status unpacked libpopt0:amd64 1.19+dfsg-1build1
2024-09-30 08:22:37 install logrotate:amd64 <none> 3.21.0-2build1
2024-09-30 08:22:37 status half-installed logrotate:amd64 3.21.0-2build1
2024-09-30 08:22:37 status unpacked logrotate:amd64 3.21.0-2build1
2024-09-30 08:22:37 install rsyslog:amd64 <none> 8.2312.0-3ubuntu9
2024-09-30 08:22:37 status half-installed rsyslog:amd64 8.2312.0-3ubuntu9
2024-09-30 08:22:37 status unpacked rsyslog:amd64 8.2312.0-3ubuntu9
2024-09-30 08:22:38 startup packages configure
2024-09-30 08:22:38 configure libestr0:amd64 0.1.11-1build1 <none>
2024-09-30 08:22:38 status unpacked libestr0:amd64 0.1.11-1build1
2024-09-30 08:22:38 status half-configured libestr0:amd64 0.1.11-1build1
2024-09-30 08:22:38 status installed libestr0:amd64 0.1.11-1build1
2024-09-30 08:22:38 configure libfastjson4:amd64 1.2304.0-1build1 <none>
2024-09-30 08:22:38 status unpacked libfastjson4:amd64 1.2304.0-1build1
2024-09-30 08:22:38 status half-configured libfastjson4:amd64 1.2304.0-1build1
2024-09-30 08:22:38 status installed libfastjson4:amd64 1.2304.0-1build1
2024-09-30 08:22:38 configure rsyslog:amd64 8.2312.0-3ubuntu9 <none>
2024-09-30 08:22:38 status unpacked rsyslog:amd64 8.2312.0-3ubuntu9
2024-09-30 08:22:38 status half-configured rsyslog:amd64 8.2312.0-3ubuntu9
2024-09-30 08:22:39 status installed rsyslog:amd64 8.2312.0-3ubuntu9
2024-09-30 08:22:39 configure libpopt0:amd64 1.19+dfsg-1build1 <none>
2024-09-30 08:22:39 status unpacked libpopt0:amd64 1.19+dfsg-1build1
2024-09-30 08:22:39 status half-configured libpopt0:amd64 1.19+dfsg-1build1
2024-09-30 08:22:39 status installed libpopt0:amd64 1.19+dfsg-1build1
2024-09-30 08:22:39 configure logrotate:amd64 3.21.0-2build1 <none>
2024-09-30 08:22:39 status unpacked logrotate:amd64 3.21.0-2build1
2024-09-30 08:22:39 status half-configured logrotate:amd64 3.21.0-2build1
2024-09-30 08:22:39 status installed logrotate:amd64 3.21.0-2build1
2024-09-30 08:22:39 trigproc libc-bin:amd64 2.39-0ubuntu8.3 <none>
2024-09-30 08:22:39 status half-configured libc-bin:amd64 2.39-0ubuntu8.3
2024-09-30 08:22:39 status installed libc-bin:amd64 2.39-0ubuntu8.3
2024-10-07 01:52:46 startup archives unpack
2024-10-07 01:52:47 install libestr0:amd64 <none> 0.1.11-1build1
2024-10-07 01:52:47 status triggers-pending libc-bin:amd64 2.39-0ubuntu8.3
2024-10-07 01:52:47 status half-installed libestr0:amd64 0.1.11-1build1
2024-10-07 01:52:47 status unpacked libestr0:amd64 0.1.11-1build1
2024-10-07 01:52:47 install libfastjson4:amd64 <none> 1.2304.0-1build1
2024-10-07 01:52:47 status half-installed libfastjson4:amd64 1.2304.0-1build1
2024-10-07 01:52:47 status unpacked libfastjson4:amd64 1.2304.0-1build1
2024-10-07 01:52:47 install libpopt0:amd64 <none> 1.19+dfsg-1build1
2024-10-07 01:52:47 status half-installed libpopt0:amd64 1.19+dfsg-1build1
2024-10-07 01:52:47 status unpacked libpopt0:amd64 1.19+dfsg-1build1
2024-10-07 01:52:47 install logrotate:amd64 <none> 3.21.0-2build1
2024-10-07 01:52:47 status half-installed logrotate:amd64 3.21.0-2build1
2024-10-07 01:52:47 status unpacked logrotate:amd64 3.21.0-2build1
2024-10-07 01:52:47 install rsyslog:amd64 <none> 8.2312.0-3ubuntu9
2024-10-07 01:52:47 status half-installed rsyslog:amd64 8.2312.0-3ubuntu9
2024-10-07 01:52:47 status unpacked rsyslog:amd64 8.2312.0-3ubuntu9
2024-10-07 01:52:47 startup packages configure
2024-10-07 01:52:47 configure libestr0:amd64 0.1.11-1build1 <none>
2024-10-07 01:52:47 status unpacked libestr0:amd64 0.1.11-1build1
2024-10-07 01:52:48 status half-configured libestr0:amd64 0.1.11-1build1
2024-10-07 01:52:48 status installed libestr0:amd64 0.1.11-1build1
2024-10-07 01:52:48 configure libfastjson4:amd64 1.2304.0-1build1 <none>
2024-10-07 01:52:48 status unpacked libfastjson4:amd64 1.2304.0-1build1
2024-10-07 01:52:48 status half-configured libfastjson4:amd64 1.2304.0-1build1
2024-10-07 01:52:48 status installed libfastjson4:amd64 1.2304.0-1build1
2024-10-07 01:52:48 configure rsyslog:amd64 8.2312.0-3ubuntu9 <none>
2024-10-07 01:52:48 status unpacked rsyslog:amd64 8.2312.0-3ubuntu9
2024-10-07 01:52:48 status half-configured rsyslog:amd64 8.2312.0-3ubuntu9
2024-10-07 01:52:49 status installed rsyslog:amd64 8.2312.0-3ubuntu9
2024-10-07 01:52:49 configure libpopt0:amd64 1.19+dfsg-1build1 <none>
2024-10-07 01:52:49 status unpacked libpopt0:amd64 1.19+dfsg-1build1
2024-10-07 01:52:49 status half-configured libpopt0:amd64 1.19+dfsg-1build1
2024-10-07 01:52:49 status installed libpopt0:amd64 1.19+dfsg-1build1
2024-10-07 01:52:49 configure logrotate:amd64 3.21.0-2build1 <none>
2024-10-07 01:52:49 status unpacked logrotate:amd64 3.21.0-2build1
2024-10-07 01:52:49 status half-configured logrotate:amd64 3.21.0-2build1
2024-10-07 01:52:49 status installed logrotate:amd64 3.21.0-2build1
2024-10-07 01:52:49 trigproc libc-bin:amd64 2.39-0ubuntu8.3 <none>
2024-10-07 01:52:49 status half-configured libc-bin:amd64 2.39-0ubuntu8.3
2024-10-07 01:52:50 status installed libc-bin:amd64 2.39-0ubuntu8.3
2024-10-09 12:15:35 startup archives unpack
2024-10-09 12:15:36 install libestr0:amd64 <none> 0.1.11-1build1
2024-10-09 12:15:36 status triggers-pending libc-bin:amd64 2.39-0ubuntu8.3
2024-10-09 12:15:36 status half-installed libestr0:amd64 0.1.11-1build1
2024-10-09 12:15:36 status unpacked libestr0:amd64 0.1.11-1build1
2024-10-09 12:15:36 install libfastjson4:amd64 <none> 1.2304.0-1build1
2024-10-09 12:15:36 status half-installed libfastjson4:amd64 1.2304.0-1build1
2024-10-09 12:15:36 status unpacked libfastjson4:amd64 1.2304.0-1build1
2024-10-09 12:15:36 install libpopt0:amd64 <none> 1.19+dfsg-1build1
2024-10-09 12:15:36 status half-installed libpopt0:amd64 1.19+dfsg-1build1
2024-10-09 12:15:36 status unpacked libpopt0:amd64 1.19+dfsg-1build1
2024-10-09 12:15:37 install logrotate:amd64 <none> 3.21.0-2build1
2024-10-09 12:15:37 status half-installed logrotate:amd64 3.21.0-2build1
2024-10-09 12:15:37 status unpacked logrotate:amd64 3.21.0-2build1
2024-10-09 12:15:37 install rsyslog:amd64 <none> 8.2312.0-3ubuntu9
2024-10-09 12:15:37 status half-installed rsyslog:amd64 8.2312.0-3ubuntu9
2024-10-09 12:15:37 status unpacked rsyslog:amd64 8.2312.0-3ubuntu9
2024-10-09 12:15:37 startup packages configure
2024-10-09 12:15:37 configure libestr0:amd64 0.1.11-1build1 <none>
2024-10-09 12:15:37 status unpacked libestr0:amd64 0.1.11-1build1
2024-10-09 12:15:37 status half-configured libestr0:amd64 0.1.11-1build1
2024-10-09 12:15:37 status installed libestr0:amd64 0.1.11-1build1
2024-10-09 12:15:37 configure libfastjson4:amd64 1.2304.0-1build1 <none>
2024-10-09 12:15:37 status unpacked libfastjson4:amd64 1.2304.0-1build1
2024-10-09 12:15:37 status half-configured libfastjson4:amd64 1.2304.0-1build1
2024-10-09 12:15:37 status installed libfastjson4:amd64 1.2304.0-1build1
2024-10-09 12:15:37 configure rsyslog:amd64 8.2312.0-3ubuntu9 <none>
2024-10-09 12:15:37 status unpacked rsyslog:amd64 8.2312.0-3ubuntu9
2024-10-09 12:15:37 status half-configured rsyslog:amd64 8.2312.0-3ubuntu9
2024-10-09 12:15:39 status installed rsyslog:amd64 8.2312.0-3ubuntu9
2024-10-09 12:15:39 configure libpopt0:amd64 1.19+dfsg-1build1 <none>
2024-10-09 12:15:39 status unpacked libpopt0:amd64 1.19+dfsg-1build1
2024-10-09 12:15:39 status half-configured libpopt0:amd64 1.19+dfsg-1build1
2024-10-09 12:15:39 status installed libpopt0:amd64 1.19+dfsg-1build1
2024-10-09 12:15:39 configure logrotate:amd64 3.21.0-2build1 <none>
2024-10-09 12:15:39 status unpacked logrotate:amd64 3.21.0-2build1
2024-10-09 12:15:39 status half-configured logrotate:amd64 3.21.0-2build1
2024-10-09 12:15:39 status installed logrotate:amd64 3.21.0-2build1
2024-10-09 12:15:39 trigproc libc-bin:amd64 2.39-0ubuntu8.3 <none>
2024-10-09 12:15:39 status half-configured libc-bin:amd64 2.39-0ubuntu8.3
2024-10-09 12:15:41 status installed libc-bin:amd64 2.39-0ubuntu8.3
2024-10-11 08:03:24 startup archives unpack
2024-10-11 08:03:24 install libestr0:amd64 <none> 0.1.11-1build1
2024-10-11 08:03:24 status triggers-pending libc-bin:amd64 2.39-0ubuntu8.3
2024-10-11 08:03:24 status half-installed libestr0:amd64 0.1.11-1build1
2024-10-11 08:03:24 status unpacked libestr0:amd64 0.1.11-1build1
2024-10-11 08:03:24 install libfastjson4:amd64 <none> 1.2304.0-1build1
2024-10-11 08:03:24 status half-installed libfastjson4:amd64 1.2304.0-1build1
2024-10-11 08:03:24 status unpacked libfastjson4:amd64 1.2304.0-1build1
2024-10-11 08:03:24 install libpopt0:amd64 <none> 1.19+dfsg-1build1
2024-10-11 08:03:24 status half-installed libpopt0:amd64 1.19+dfsg-1build1
2024-10-11 08:03:25 status unpacked libpopt0:amd64 1.19+dfsg-1build1
2024-10-11 08:03:25 install logrotate:amd64 <none> 3.21.0-2build1
2024-10-11 08:03:25 status half-installed logrotate:amd64 3.21.0-2build1
2024-10-11 08:03:25 status unpacked logrotate:amd64 3.21.0-2build1
2024-10-11 08:03:25 install rsyslog:amd64 <none> 8.2312.0-3ubuntu9
2024-10-11 08:03:25 status half-installed rsyslog:amd64 8.2312.0-3ubuntu9
2024-10-11 08:03:25 status unpacked rsyslog:amd64 8.2312.0-3ubuntu9
2024-10-11 08:03:25 startup packages configure
2024-10-11 08:03:25 configure libestr0:amd64 0.1.11-1build1 <none>
2024-10-11 08:03:25 status unpacked libestr0:amd64 0.1.11-1build1
2024-10-11 08:03:25 status half-configured libestr0:amd64 0.1.11-1build1
2024-10-11 08:03:25 status installed libestr0:amd64 0.1.11-1build1
2024-10-11 08:03:25 configure libfastjson4:amd64 1.2304.0-1build1 <none>
2024-10-11 08:03:25 status unpacked libfastjson4:amd64 1.2304.0-1build1
2024-10-11 08:03:25 status half-configured libfastjson4:amd64 1.2304.0-1build1
2024-10-11 08:03:25 status installed libfastjson4:amd64 1.2304.0-1build1
2024-10-11 08:03:25 configure rsyslog:amd64 8.2312.0-3ubuntu9 <none>
2024-10-11 08:03:25 status unpacked rsyslog:amd64 8.2312.0-3ubuntu9
2024-10-11 08:03:25 status half-configured rsyslog:amd64 8.2312.0-3ubuntu9
2024-10-11 08:03:26 status installed rsyslog:amd64 8.2312.0-3ubuntu9
2024-10-11 08:03:26 configure libpopt0:amd64 1.19+dfsg-1build1 <none>
2024-10-11 08:03:26 status unpacked libpopt0:amd64 1.19+dfsg-1build1
2024-10-11 08:03:26 status half-configured libpopt0:amd64 1.19+dfsg-1build1
2024-10-11 08:03:26 status installed libpopt0:amd64 1.19+dfsg-1build1
2024-10-11 08:03:26 configure logrotate:amd64 3.21.0-2build1 <none>
2024-10-11 08:03:26 status unpacked logrotate:amd64 3.21.0-2build1
2024-10-11 08:03:26 status half-configured logrotate:amd64 3.21.0-2build1
2024-10-11 08:03:27 status installed logrotate:amd64 3.21.0-2build1
2024-10-11 08:03:27 trigproc libc-bin:amd64 2.39-0ubuntu8.3 <none>
2024-10-11 08:03:27 status half-configured libc-bin:amd64 2.39-0ubuntu8.3
2024-10-11 08:03:27 status installed libc-bin:amd64 2.39-0ubuntu8.3
2024-10-11 08:19:17 startup archives unpack
2024-10-11 08:19:17 install nano:amd64 <none> 7.2-2build1
2024-10-11 08:19:17 status half-installed nano:amd64 7.2-2build1
2024-10-11 08:19:17 status unpacked nano:amd64 7.2-2build1
2024-10-11 08:19:17 startup packages configure
2024-10-11 08:19:17 configure nano:amd64 7.2-2build1 <none>
2024-10-11 08:19:17 status unpacked nano:amd64 7.2-2build1
2024-10-11 08:19:17 status half-configured nano:amd64 7.2-2build1
2024-10-11 08:19:18 status installed nano:amd64 7.2-2build1
2024-10-11 08:19:24 startup archives unpack
2024-10-11 08:19:24 install sudo:amd64 <none> 1.9.15p5-3ubuntu5
2024-10-11 08:19:24 status triggers-pending libc-bin:amd64 2.39-0ubuntu8.3
2024-10-11 08:19:24 status half-installed sudo:amd64 1.9.15p5-3ubuntu5
2024-10-11 08:19:25 status unpacked sudo:amd64 1.9.15p5-3ubuntu5
2024-10-11 08:19:25 startup packages configure
2024-10-11 08:19:25 configure sudo:amd64 1.9.15p5-3ubuntu5 <none>
2024-10-11 08:19:25 status unpacked sudo:amd64 1.9.15p5-3ubuntu5
2024-10-11 08:19:25 status half-configured sudo:amd64 1.9.15p5-3ubuntu5
2024-10-11 08:19:25 status installed sudo:amd64 1.9.15p5-3ubuntu5
2024-10-11 08:19:25 trigproc libc-bin:amd64 2.39-0ubuntu8.3 <none>
2024-10-11 08:19:25 status half-configured libc-bin:amd64 2.39-0ubuntu8.3
2024-10-11 08:19:25 status installed libc-bin:amd64 2.39-0ubuntu8.3
